\BOOKMARK [0][-]{chapter*.3}{Introducci\363n}{}% 1
\BOOKMARK [-1][-]{part.1}{I Extracci\363n de informaci\363n}{}% 2
\BOOKMARK [0][-]{chapter.1}{Obtenci\363n de municipios y sus datos}{part.1}% 3
\BOOKMARK [1][-]{section.1.1}{Obtenci\363n de pueblos y datos a partir de xls}{chapter.1}% 4
\BOOKMARK [1][-]{section.1.2}{Extracci\363n de url de los ayuntamientos}{chapter.1}% 5
\BOOKMARK [1][-]{section.1.3}{Obtenci\363n de coordenadas}{chapter.1}% 6
\BOOKMARK [1][-]{section.1.4}{B\372squeda de municipios cercanos}{chapter.1}% 7
\BOOKMARK [1][-]{section.1.5}{P\341ginas con OpenCMS}{chapter.1}% 8
\BOOKMARK [1][-]{section.1.6}{P\341gina de wikipedia}{chapter.1}% 9
\BOOKMARK [1][-]{section.1.7}{Extracci\363n de datos del Instituto de estad\355stica y cartograf\355a de Andaluc\355a}{chapter.1}% 10
\BOOKMARK [1][-]{section.1.8}{Visualizar la estructura de la web de un municipio}{chapter.1}% 11
\BOOKMARK [1][-]{section.1.9}{Extracci\363n de noticias desde la web de un municipio}{chapter.1}% 12
\BOOKMARK [0][-]{chapter.2}{B\372squeda de categor\355as}{part.1}% 13
\BOOKMARK [-1][-]{part.2}{II De informaci\363n a conocimiento}{}% 14
\BOOKMARK [0][-]{chapter.3}{M\351todos de clasificaci\363n}{part.2}% 15
\BOOKMARK [1][-]{section.3.1}{Selecci\363n de palabras clave de una categor\355a}{chapter.3}% 16
\BOOKMARK [1][-]{section.3.2}{An\341lisis formal de conceptos}{chapter.3}% 17
\BOOKMARK [1][-]{section.3.3}{\301rboles de decisi\363n}{chapter.3}% 18
\BOOKMARK [1][-]{section.3.4}{Sistemas de inducci\363n de reglas}{chapter.3}% 19
\BOOKMARK [0][-]{chapter.4}{Motor de clasificaci\363n}{part.2}% 20
\BOOKMARK [1][-]{section.4.1}{Sistema experto}{chapter.4}% 21
\BOOKMARK [1][-]{section.4.2}{Entradas del sistema experto}{chapter.4}% 22
\BOOKMARK [1][-]{section.4.3}{M\351todo propuesto}{chapter.4}% 23
\BOOKMARK [-1][-]{part.3}{III Publicaci\363n}{}% 24
\BOOKMARK [0][-]{chapter.5}{Django}{part.3}% 25
\BOOKMARK [1][-]{section.5.1}{Instalaci\363n}{chapter.5}% 26
\BOOKMARK [1][-]{section.5.2}{Creaci\363n del proyecto}{chapter.5}% 27
\BOOKMARK [1][-]{section.5.3}{Creaci\363n de la base de datos - /polls/models.py}{chapter.5}% 28
\BOOKMARK [1][-]{section.5.4}{Ejecuci\363n de c\363digo - /polls/views.py}{chapter.5}% 29
\BOOKMARK [1][-]{section.5.5}{Definici\363n de par\341metros en el proyecto - /mysite/settings.py}{chapter.5}% 30
\BOOKMARK [1][-]{section.5.6}{Creaci\363n de comandos personalizados}{chapter.5}% 31
\BOOKMARK [1][-]{section.5.7}{Uso de Django-extensions}{chapter.5}% 32
\BOOKMARK [1][-]{section.5.8}{Anotaciones}{chapter.5}% 33
\BOOKMARK [0][-]{chapter.6}{API}{part.3}% 34
\BOOKMARK [1][-]{section.6.1}{JSON}{chapter.6}% 35
\BOOKMARK [1][-]{section.6.2}{Llamadas}{chapter.6}% 36
\BOOKMARK [0][-]{chapter.7}{Android}{part.3}% 37
\BOOKMARK [1][-]{section.7.1}{Funcionalidades de la aplicaci\363n}{chapter.7}% 38
\BOOKMARK [1][-]{section.7.2}{Funcionalidades auxiliares}{chapter.7}% 39
\BOOKMARK [1][-]{section.7.3}{Elementos de navegaci\363n}{chapter.7}% 40
\BOOKMARK [1][-]{section.7.4}{Casos de uso}{chapter.7}% 41
\BOOKMARK [-1][-]{part.4}{IV Arquitectura de la soluci\363n}{}% 42
\BOOKMARK [0][-]{chapter.8}{Servidor}{part.4}% 43
\BOOKMARK [1][-]{section.8.1}{Tareas programas en el servidor}{chapter.8}% 44
\BOOKMARK [1][-]{section.8.2}{Base de datos}{chapter.8}% 45
\BOOKMARK [1][-]{section.8.3}{Clasificaci\363n y categor\355as}{chapter.8}% 46
\BOOKMARK [1][-]{section.8.4}{Usuarios}{chapter.8}% 47
\BOOKMARK [-1][-]{part.5}{V Conclusiones}{}% 48
\BOOKMARK [0][-]{chapter.9}{Conclusiones}{part.5}% 49
\BOOKMARK [1][-]{section.9.1}{Obtenci\363n de datos}{chapter.9}% 50
\BOOKMARK [1][-]{section.9.2}{Clasificaci\363n}{chapter.9}% 51
\BOOKMARK [1][-]{section.9.3}{Android}{chapter.9}% 52
\BOOKMARK [1][-]{section.9.4}{API}{chapter.9}% 53
\BOOKMARK [1][-]{section.9.5}{Django}{chapter.9}% 54
\BOOKMARK [-1][-]{part.6}{VI Trabajos futuros}{}% 55
\BOOKMARK [0][-]{section.9.6}{Trabajos futuros}{part.6}% 56
\BOOKMARK [-1][-]{part.7}{VII Ap\351ndices}{}% 57
\BOOKMARK [0][-]{appendix.Alph1}{Base de datos}{part.7}% 58
\BOOKMARK [1][-]{section.Alph1.1}{Noticias y pueblos}{appendix.Alph1}% 59
\BOOKMARK [1][-]{section.Alph1.2}{Clasificaci\363n y categor\355as}{appendix.Alph1}% 60
\BOOKMARK [1][-]{section.Alph1.3}{Usuarios}{appendix.Alph1}% 61
\BOOKMARK [1][-]{section.Alph1.4}{Control}{appendix.Alph1}% 62
\BOOKMARK [0][-]{appendix.Alph2}{Librer\355as y software utilizado}{part.7}% 63
\BOOKMARK [1][-]{section.Alph2.1}{Librer\355as}{appendix.Alph2}% 64
\BOOKMARK [1][-]{section.Alph2.2}{Software}{appendix.Alph2}% 65
\BOOKMARK [-1][-]{part.8}{VIII Bibliograf\355a}{}% 66
\BOOKMARK [0][-]{section*.86}{Bibliograf\355a}{part.8}% 67
